<?xml version="1.0" encoding="UTF-8"?>
<!-- Generated by org.testng.reporters.JUnitReportReporter -->
<testsuite hostname="abdelhadis-MacBook-Pro.local" failures="0" tests="1" name="mcmakler.VerifyAddNewAd" time="0.134" errors="0" timestamp="2021-05-20T01:17:24 CEST" skipped="0">
  <testcase classname="mcmakler.VerifyAddNewAd" name="verify001CardHolderNameIsDisplayed" time="0.134"/>
  <system-out/>
</testsuite> <!-- mcmakler.VerifyAddNewAd -->
