<?xml version="1.0" encoding="UTF-8"?>
<!-- Generated by org.testng.reporters.JUnitReportReporter -->
<testsuite hostname="abdelhadis-MBP.home" failures="0" tests="2" name="mcmakler.VerifyAddNewAdWithValidData" time="6.006" errors="0" timestamp="2021-05-20T22:55:40 CEST" skipped="0">
  <testcase classname="mcmakler.VerifyAddNewAdWithValidData" name="verify002AddisSavedAgainstAPI" time="3.486"/>
  <system-out/>
  <testcase classname="mcmakler.VerifyAddNewAdWithValidData" name="verify001AddisSavedAndAppearOnList" time="2.520"/>
  <system-out/>
</testsuite> <!-- mcmakler.VerifyAddNewAdWithValidData -->
