<?xml version="1.0" encoding="UTF-8"?>
<!-- Generated by org.testng.reporters.JUnitReportReporter -->
<testsuite skipped="0" hostname="abdelhadis-MBP.fritz.box" name="mcmakler.VerifyEditAdWithValidDataTest" tests="2" failures="0" timestamp="20 May 2021 22:46:34 GMT" time="2.554" errors="0">
  <testcase name="verify002EditisSavedAgainstAPI" time="1.731" classname="mcmakler.VerifyEditAdWithValidDataTest"/>
  <testcase name="verify001EditisSavedAndAppearOnList" time="0.823" classname="mcmakler.VerifyEditAdWithValidDataTest"/>
</testsuite> <!-- mcmakler.VerifyEditAdWithValidDataTest -->
