<?xml version="1.0" encoding="UTF-8"?>
<!-- Generated by org.testng.reporters.JUnitReportReporter -->
<testsuite skipped="0" hostname="abdelhadis-MBP.fritz.box" name="mcmakler.VerifyAddNewAdWithValidDataTest" tests="2" failures="0" timestamp="20 May 2021 22:46:34 GMT" time="4.378" errors="0">
  <testcase name="verify001AddisSavedAndAppearOnList" time="0.778" classname="mcmakler.VerifyAddNewAdWithValidDataTest"/>
  <testcase name="verify002AddisSavedAgainstAPI" time="3.600" classname="mcmakler.VerifyAddNewAdWithValidDataTest"/>
</testsuite> <!-- mcmakler.VerifyAddNewAdWithValidDataTest -->
